INFO 2025-12-19 14:22:18,162 autoreload 218313 138100763123712 Watching for file changes with StatReloader
WARNING 2025-12-19 14:22:18,355 log 218313 138100638475840 Not Found: /
WARNING 2025-12-19 14:22:18,356 basehttp 218313 138100638475840 "GET / HTTP/1.1" 404 2507
INFO 2025-12-19 14:23:44,521 autoreload 218313 138100763123712 /home/christian/Documents/Cours_L3/Semestre5/ProjetNoel/Projet_django/FastTransfert/fastTransfer/fastTransfer/settings.py changed, reloading.
INFO 2025-12-19 14:23:44,999 autoreload 218989 133551662260224 Watching for file changes with StatReloader
WARNING 2025-12-19 14:23:45,212 log 218989 133551538304576 Not Found: /
WARNING 2025-12-19 14:23:45,213 basehttp 218989 133551538304576 "GET / HTTP/1.1" 404 2507
INFO 2025-12-19 14:23:54,122 autoreload 219239 135490924224512 Watching for file changes with StatReloader
WARNING 2025-12-19 14:23:54,465 log 219239 135490871539264 Not Found: /
WARNING 2025-12-19 14:23:54,465 basehttp 219239 135490871539264 "GET / HTTP/1.1" 404 2507
WARNING 2025-12-19 14:24:18,758 log 219239 135490879931968 Not Found: /
WARNING 2025-12-19 14:24:18,760 basehttp 219239 135490879931968 "GET / HTTP/1.1" 404 2507
INFO 2025-12-19 22:07:47,853 autoreload 242953 124336885215232 Watching for file changes with StatReloader
WARNING 2025-12-19 22:07:56,246 log 242953 124336803407424 Not Found: /
WARNING 2025-12-19 22:07:56,248 basehttp 242953 124336803407424 "GET / HTTP/1.1" 404 2507
INFO 2025-12-19 22:07:56,345 basehttp 242953 124336803407424 "GET /static/django-browser-reload/reload-listener.js HTTP/1.1" 304 0
INFO 2025-12-19 22:07:56,427 basehttp 242953 124336803407424 "GET /static/django-browser-reload/reload-worker.js HTTP/1.1" 304 0
WARNING 2025-12-19 22:08:04,331 log 242953 124336795014720 Not Found: /
WARNING 2025-12-19 22:08:04,332 basehttp 242953 124336795014720 "GET / HTTP/1.1" 404 2507
INFO 2025-12-19 22:47:59,584 autoreload 262257 127561375604736 Watching for file changes with StatReloader
INFO 2025-12-20 00:09:08,188 autoreload 300736 126423040442368 Watching for file changes with StatReloader
INFO 2025-12-20 00:11:51,755 autoreload 302491 136356668534784 Watching for file changes with StatReloader
WARNING 2025-12-20 00:11:55,192 log 302491 136356586055232 Not Found: /
WARNING 2025-12-20 00:11:55,192 basehttp 302491 136356586055232 "GET / HTTP/1.1" 404 2655
INFO 2025-12-20 00:11:55,251 basehttp 302491 136356586055232 "GET /static/django-browser-reload/reload-listener.js HTTP/1.1" 304 0
INFO 2025-12-20 00:11:55,293 basehttp 302491 136356586055232 "GET /static/django-browser-reload/reload-worker.js HTTP/1.1" 304 0
INFO 2025-12-20 00:12:02,083 basehttp 302491 136356577662528 "GET /admin/ HTTP/1.1" 302 0
INFO 2025-12-20 00:12:02,110 basehttp 302491 136356577662528 "GET /admin/login/?next=/admin/ HTTP/1.1" 200 3310
INFO 2025-12-20 00:12:02,217 basehttp 302491 136356344882752 "GET /static/vendor/adminlte/img/AdminLTELogo.png HTTP/1.1" 200 2637
INFO 2025-12-20 00:12:02,217 basehttp 302491 136356353275456 "GET /static/jazzmin/css/main.css HTTP/1.1" 200 16969
INFO 2025-12-20 00:12:02,222 basehttp 302491 136356577662528 "GET /static/vendor/fontawesome-free/css/all.min.css HTTP/1.1" 200 103009
INFO 2025-12-20 00:12:02,226 basehttp 302491 136356328097344 "GET /static/vendor/bootstrap/js/bootstrap.min.js HTTP/1.1" 200 62440
INFO 2025-12-20 00:12:02,231 basehttp 302491 136356344882752 "GET /static/vendor/adminlte/js/adminlte.min.js HTTP/1.1" 200 44244
INFO 2025-12-20 00:12:02,232 basehttp 302491 136356336490048 "GET /static/admin/js/vendor/jquery/jquery.js HTTP/1.1" 200 285314
INFO 2025-12-20 00:12:02,240 basehttp 302491 136356569269824 "GET /static/vendor/adminlte/css/adminlte.min.css HTTP/1.1" 200 1382975
INFO 2025-12-20 00:12:02,388 basehttp 302491 136356344882752 "GET /static/vendor/fontawesome-free/webfonts/fa-solid-900.woff2 HTTP/1.1" 200 156400
INFO 2025-12-20 00:12:17,157 basehttp 302491 136356569269824 "POST /admin/login/?next=/admin/ HTTP/1.1" 200 3708
INFO 2025-12-20 00:15:26,342 autoreload 304494 129505127841792 Watching for file changes with StatReloader
INFO 2025-12-20 00:15:28,177 basehttp 304494 129505037375040 "POST /admin/login/?next=/admin/ HTTP/1.1" 200 3680
WARNING 2025-12-20 00:15:30,468 log 304494 129505045767744 Not Found: /
WARNING 2025-12-20 00:15:30,469 basehttp 304494 129505045767744 "GET / HTTP/1.1" 404 2655
INFO 2025-12-20 00:15:37,156 basehttp 304494 129505045767744 "POST /admin/login/?next=/admin/ HTTP/1.1" 200 3680
INFO 2025-12-20 00:15:58,869 basehttp 304494 129505045767744 "POST /admin/login/?next=/admin/ HTTP/1.1" 200 3680
INFO 2025-12-20 00:17:58,616 autoreload 306181 134882185691136 Watching for file changes with StatReloader
INFO 2025-12-20 00:18:00,441 basehttp 306181 134882095257152 "POST /admin/login/?next=/admin/ HTTP/1.1" 200 3680
INFO 2025-12-20 00:18:17,248 basehttp 306181 134882095257152 "POST /admin/login/?next=/admin/ HTTP/1.1" 302 0
ERROR 2025-12-20 00:18:17,559 log 306181 134882095257152 Internal Server Error: /admin/
Traceback (most recent call last):
  File "/home/christian/Documents/Cours_L3/Semestre5/ProjetNoel/Projet_django/FastTransfert/.env/lib/python3.10/site-packages/django/core/handlers/exception.py", line 55, in inner
    response = get_response(request)
  File "/home/christian/Documents/Cours_L3/Semestre5/ProjetNoel/Projet_django/FastTransfert/.env/lib/python3.10/site-packages/django/core/handlers/base.py", line 220, in _get_response
    response = response.render()
  File "/home/christian/Documents/Cours_L3/Semestre5/ProjetNoel/Projet_django/FastTransfert/.env/lib/python3.10/site-packages/django/template/response.py", line 114, in render
    self.content = self.rendered_content
  File "/home/christian/Documents/Cours_L3/Semestre5/ProjetNoel/Projet_django/FastTransfert/.env/lib/python3.10/site-packages/django/template/response.py", line 92, in rendered_content
    return template.render(context, self._request)
  File "/home/christian/Documents/Cours_L3/Semestre5/ProjetNoel/Projet_django/FastTransfert/.env/lib/python3.10/site-packages/django/template/backends/django.py", line 107, in render
    return self.template.render(context)
  File "/home/christian/Documents/Cours_L3/Semestre5/ProjetNoel/Projet_django/FastTransfert/.env/lib/python3.10/site-packages/django/template/base.py", line 172, in render
    return self._render(context)
  File "/home/christian/Documents/Cours_L3/Semestre5/ProjetNoel/Projet_django/FastTransfert/.env/lib/python3.10/site-packages/django/template/base.py", line 164, in _render
    return self.nodelist.render(context)
  File "/home/christian/Documents/Cours_L3/Semestre5/ProjetNoel/Projet_django/FastTransfert/.env/lib/python3.10/site-packages/django/template/base.py", line 1018, in render
    return SafeString("".join([node.render_annotated(context) for node in self]))
  File "/home/christian/Documents/Cours_L3/Semestre5/ProjetNoel/Projet_django/FastTransfert/.env/lib/python3.10/site-packages/django/template/base.py", line 1018, in <listcomp>
    return SafeString("".join([node.render_annotated(context) for node in self]))
  File "/home/christian/Documents/Cours_L3/Semestre5/ProjetNoel/Projet_django/FastTransfert/.env/lib/python3.10/site-packages/django/template/base.py", line 979, in render_annotated
    return self.render(context)
  File "/home/christian/Documents/Cours_L3/Semestre5/ProjetNoel/Projet_django/FastTransfert/.env/lib/python3.10/site-packages/django/template/loader_tags.py", line 159, in render
    return compiled_parent._render(context)
  File "/home/christian/Documents/Cours_L3/Semestre5/ProjetNoel/Projet_django/FastTransfert/.env/lib/python3.10/site-packages/django/template/base.py", line 164, in _render
    return self.nodelist.render(context)
  File "/home/christian/Documents/Cours_L3/Semestre5/ProjetNoel/Projet_django/FastTransfert/.env/lib/python3.10/site-packages/django/template/base.py", line 1018, in render
    return SafeString("".join([node.render_annotated(context) for node in self]))
  File "/home/christian/Documents/Cours_L3/Semestre5/ProjetNoel/Projet_django/FastTransfert/.env/lib/python3.10/site-packages/django/template/base.py", line 1018, in <listcomp>
    return SafeString("".join([node.render_annotated(context) for node in self]))
  File "/home/christian/Documents/Cours_L3/Semestre5/ProjetNoel/Projet_django/FastTransfert/.env/lib/python3.10/site-packages/django/template/base.py", line 979, in render_annotated
    return self.render(context)
  File "/home/christian/Documents/Cours_L3/Semestre5/ProjetNoel/Projet_django/FastTransfert/.env/lib/python3.10/site-packages/django/template/loader_tags.py", line 159, in render
    return compiled_parent._render(context)
  File "/home/christian/Documents/Cours_L3/Semestre5/ProjetNoel/Projet_django/FastTransfert/.env/lib/python3.10/site-packages/django/template/base.py", line 164, in _render
    return self.nodelist.render(context)
  File "/home/christian/Documents/Cours_L3/Semestre5/ProjetNoel/Projet_django/FastTransfert/.env/lib/python3.10/site-packages/django/template/base.py", line 1018, in render
    return SafeString("".join([node.render_annotated(context) for node in self]))
  File "/home/christian/Documents/Cours_L3/Semestre5/ProjetNoel/Projet_django/FastTransfert/.env/lib/python3.10/site-packages/django/template/base.py", line 1018, in <listcomp>
    return SafeString("".join([node.render_annotated(context) for node in self]))
  File "/home/christian/Documents/Cours_L3/Semestre5/ProjetNoel/Projet_django/FastTransfert/.env/lib/python3.10/site-packages/django/template/base.py", line 979, in render_annotated
    return self.render(context)
  File "/home/christian/Documents/Cours_L3/Semestre5/ProjetNoel/Projet_django/FastTransfert/.env/lib/python3.10/site-packages/django/template/defaulttags.py", line 327, in render
    return nodelist.render(context)
  File "/home/christian/Documents/Cours_L3/Semestre5/ProjetNoel/Projet_django/FastTransfert/.env/lib/python3.10/site-packages/django/template/base.py", line 1018, in render
    return SafeString("".join([node.render_annotated(context) for node in self]))
  File "/home/christian/Documents/Cours_L3/Semestre5/ProjetNoel/Projet_django/FastTransfert/.env/lib/python3.10/site-packages/django/template/base.py", line 1018, in <listcomp>
    return SafeString("".join([node.render_annotated(context) for node in self]))
  File "/home/christian/Documents/Cours_L3/Semestre5/ProjetNoel/Projet_django/FastTransfert/.env/lib/python3.10/site-packages/django/template/base.py", line 979, in render_annotated
    return self.render(context)
  File "/home/christian/Documents/Cours_L3/Semestre5/ProjetNoel/Projet_django/FastTransfert/.env/lib/python3.10/site-packages/django/template/defaulttags.py", line 327, in render
    return nodelist.render(context)
  File "/home/christian/Documents/Cours_L3/Semestre5/ProjetNoel/Projet_django/FastTransfert/.env/lib/python3.10/site-packages/django/template/base.py", line 1018, in render
    return SafeString("".join([node.render_annotated(context) for node in self]))
  File "/home/christian/Documents/Cours_L3/Semestre5/ProjetNoel/Projet_django/FastTransfert/.env/lib/python3.10/site-packages/django/template/base.py", line 1018, in <listcomp>
    return SafeString("".join([node.render_annotated(context) for node in self]))
  File "/home/christian/Documents/Cours_L3/Semestre5/ProjetNoel/Projet_django/FastTransfert/.env/lib/python3.10/site-packages/django/template/base.py", line 979, in render_annotated
    return self.render(context)
  File "/home/christian/Documents/Cours_L3/Semestre5/ProjetNoel/Projet_django/FastTransfert/.env/lib/python3.10/site-packages/django/template/defaulttags.py", line 480, in render
    url = reverse(view_name, args=args, kwargs=kwargs, current_app=current_app)
  File "/home/christian/Documents/Cours_L3/Semestre5/ProjetNoel/Projet_django/FastTransfert/.env/lib/python3.10/site-packages/django/urls/base.py", line 98, in reverse
    resolved_url = resolver._reverse_with_prefix(view, prefix, *args, **kwargs)
  File "/home/christian/Documents/Cours_L3/Semestre5/ProjetNoel/Projet_django/FastTransfert/.env/lib/python3.10/site-packages/django/urls/resolvers.py", line 831, in _reverse_with_prefix
    raise NoReverseMatch(msg)
django.urls.exceptions.NoReverseMatch: Reverse for 'set_language' not found. 'set_language' is not a valid view function or pattern name.
ERROR 2025-12-20 00:18:17,570 basehttp 306181 134882095257152 "GET /admin/ HTTP/1.1" 500 389689
INFO 2025-12-20 00:19:06,625 autoreload 306181 134882185691136 /home/christian/Documents/Cours_L3/Semestre5/ProjetNoel/Projet_django/FastTransfert/fastTransfer/fastTransfer/settings.py changed, reloading.
INFO 2025-12-20 00:19:07,201 autoreload 306923 127633504542720 Watching for file changes with StatReloader
INFO 2025-12-20 00:19:07,432 basehttp 306923 127633341806144 "GET /admin/ HTTP/1.1" 200 9941
INFO 2025-12-20 00:19:07,550 basehttp 306923 127633341806144 "GET /static/jazzmin/js/main.js HTTP/1.1" 200 2391
INFO 2025-12-20 00:19:07,661 basehttp 306923 127633341806144 "GET /static/vendor/fontawesome-free/webfonts/fa-regular-400.woff2 HTTP/1.1" 200 25392
INFO 2025-12-20 00:19:16,952 basehttp 306923 127633341806144 "GET /admin/ HTTP/1.1" 200 9941
INFO 2025-12-20 00:19:34,415 autoreload 306923 127633504542720 /home/christian/Documents/Cours_L3/Semestre5/ProjetNoel/Projet_django/FastTransfert/fastTransfer/userauths/admin.py changed, reloading.
INFO 2025-12-20 00:19:34,973 autoreload 307460 126732485709824 Watching for file changes with StatReloader
INFO 2025-12-20 00:19:35,256 basehttp 307460 126732394812992 "GET /admin/ HTTP/1.1" 200 9941
INFO 2025-12-20 00:19:57,026 autoreload 307460 126732485709824 /home/christian/Documents/Cours_L3/Semestre5/ProjetNoel/Projet_django/FastTransfert/fastTransfer/userauths/admin.py changed, reloading.
INFO 2025-12-20 00:19:57,478 autoreload 307754 133538688552960 Watching for file changes with StatReloader
INFO 2025-12-20 00:19:57,739 basehttp 307754 133538596771392 "GET /admin/ HTTP/1.1" 200 9941
INFO 2025-12-20 00:20:09,163 autoreload 307754 133538688552960 /home/christian/Documents/Cours_L3/Semestre5/ProjetNoel/Projet_django/FastTransfert/fastTransfer/userauths/admin.py changed, reloading.
INFO 2025-12-20 00:20:09,603 autoreload 307974 137941807415296 Watching for file changes with StatReloader
INFO 2025-12-20 00:20:25,234 autoreload 307974 137941807415296 /home/christian/Documents/Cours_L3/Semestre5/ProjetNoel/Projet_django/FastTransfert/fastTransfer/userauths/admin.py changed, reloading.
INFO 2025-12-20 00:20:25,730 autoreload 308204 126278170349568 Watching for file changes with StatReloader
INFO 2025-12-20 00:20:39,367 autoreload 308204 126278170349568 /home/christian/Documents/Cours_L3/Semestre5/ProjetNoel/Projet_django/FastTransfert/fastTransfer/userauths/admin.py changed, reloading.
INFO 2025-12-20 00:20:39,832 autoreload 308437 125482993754112 Watching for file changes with StatReloader
INFO 2025-12-20 00:20:41,166 autoreload 308437 125482993754112 /home/christian/Documents/Cours_L3/Semestre5/ProjetNoel/Projet_django/FastTransfert/fastTransfer/userauths/admin.py changed, reloading.
INFO 2025-12-20 00:20:41,613 autoreload 308482 137782320664576 Watching for file changes with StatReloader
INFO 2025-12-20 00:20:46,996 autoreload 308482 137782320664576 /home/christian/Documents/Cours_L3/Semestre5/ProjetNoel/Projet_django/FastTransfert/fastTransfer/userauths/admin.py changed, reloading.
INFO 2025-12-20 00:20:47,429 autoreload 308622 133653640007680 Watching for file changes with StatReloader
INFO 2025-12-20 00:20:49,588 basehttp 308622 133653476668992 "GET /admin/ HTTP/1.1" 200 12373
INFO 2025-12-20 00:20:49,929 autoreload 308622 133653640007680 /home/christian/Documents/Cours_L3/Semestre5/ProjetNoel/Projet_django/FastTransfert/fastTransfer/userauths/admin.py changed, reloading.
INFO 2025-12-20 00:20:50,497 autoreload 308693 129868800491520 Watching for file changes with StatReloader
INFO 2025-12-20 00:20:51,784 autoreload 308693 129868800491520 /home/christian/Documents/Cours_L3/Semestre5/ProjetNoel/Projet_django/FastTransfert/fastTransfer/userauths/admin.py changed, reloading.
INFO 2025-12-20 00:20:52,249 autoreload 308767 140662859300864 Watching for file changes with StatReloader
INFO 2025-12-20 00:20:53,570 autoreload 308767 140662859300864 /home/christian/Documents/Cours_L3/Semestre5/ProjetNoel/Projet_django/FastTransfert/fastTransfer/userauths/admin.py changed, reloading.
INFO 2025-12-20 00:20:54,043 autoreload 308790 125416346263552 Watching for file changes with StatReloader
INFO 2025-12-20 00:20:56,372 autoreload 308790 125416346263552 /home/christian/Documents/Cours_L3/Semestre5/ProjetNoel/Projet_django/FastTransfert/fastTransfer/userauths/admin.py changed, reloading.
INFO 2025-12-20 00:20:56,823 autoreload 308857 128068689915904 Watching for file changes with StatReloader
INFO 2025-12-20 00:20:57,278 basehttp 308857 128068599404096 "GET /admin/ HTTP/1.1" 200 12373
INFO 2025-12-20 00:20:57,309 basehttp 308857 128068599404096 "GET /static/vendor/fontawesome-free/css/all.min.css HTTP/1.1" 304 0
INFO 2025-12-20 00:20:57,312 basehttp 308857 128068591011392 "GET /static/vendor/adminlte/css/adminlte.min.css HTTP/1.1" 304 0
INFO 2025-12-20 00:20:57,317 basehttp 308857 128068582618688 "GET /static/jazzmin/css/main.css HTTP/1.1" 304 0
INFO 2025-12-20 00:20:57,319 basehttp 308857 128068574225984 "GET /static/vendor/adminlte/img/AdminLTELogo.png HTTP/1.1" 304 0
INFO 2025-12-20 00:20:57,336 basehttp 308857 128068574225984 "GET /static/vendor/bootstrap/js/bootstrap.min.js HTTP/1.1" 304 0
INFO 2025-12-20 00:20:57,339 basehttp 308857 128068582618688 "GET /static/vendor/adminlte/js/adminlte.min.js HTTP/1.1" 304 0
INFO 2025-12-20 00:20:57,410 basehttp 308857 128068582618688 "GET /static/vendor/fontawesome-free/webfonts/fa-solid-900.woff2 HTTP/1.1" 304 0
INFO 2025-12-20 00:21:10,167 basehttp 308857 128068582618688 "GET /admin/userauths/user/ HTTP/1.1" 200 15302
INFO 2025-12-20 00:21:10,212 basehttp 308857 128068591011392 "GET /static/admin/js/core.js HTTP/1.1" 200 6208
INFO 2025-12-20 00:21:10,213 basehttp 308857 128068565833280 "GET /static/admin/js/admin/RelatedObjectLookups.js HTTP/1.1" 200 9777
INFO 2025-12-20 00:21:10,212 basehttp 308857 128068582618688 "GET /static/vendor/select2/css/select2.min.css HTTP/1.1" 200 16264
INFO 2025-12-20 00:21:10,212 basehttp 308857 128068599404096 "GET /static/admin/js/jquery.init.js HTTP/1.1" 200 347
INFO 2025-12-20 00:21:10,221 basehttp 308857 128068599404096 "GET /static/admin/js/urlify.js HTTP/1.1" 200 7887
INFO 2025-12-20 00:21:10,222 basehttp 308857 128068591011392 "GET /static/admin/js/actions.js HTTP/1.1" 200 8076
INFO 2025-12-20 00:21:10,225 basehttp 308857 128068565833280 "GET /static/admin/js/prepopulate.js HTTP/1.1" 200 1531
INFO 2025-12-20 00:21:10,241 basehttp 308857 128068574225984 "GET /admin/jsi18n/ HTTP/1.1" 200 8634
INFO 2025-12-20 00:21:10,246 basehttp 308857 128068574225984 "GET /static/admin/js/vendor/xregexp/xregexp.js HTTP/1.1" 200 325171
INFO 2025-12-20 00:21:10,253 basehttp 308857 128068582618688 "GET /static/vendor/select2/js/select2.min.js HTTP/1.1" 200 73170
INFO 2025-12-20 00:21:10,263 basehttp 308857 128068591011392 "GET /static/jazzmin/js/change_list.js HTTP/1.1" 200 2252
INFO 2025-12-20 00:21:20,819 basehttp 308857 128068591011392 "GET /admin/userauths/user/?o=3 HTTP/1.1" 200 15780
INFO 2025-12-20 00:21:20,879 basehttp 308857 128068591011392 "GET /admin/jsi18n/ HTTP/1.1" 200 8634
INFO 2025-12-20 00:21:22,725 basehttp 308857 128068591011392 "GET /admin/userauths/user/?o=4.3 HTTP/1.1" 200 16212
INFO 2025-12-20 00:21:22,785 basehttp 308857 128068591011392 "GET /admin/jsi18n/ HTTP/1.1" 200 8634
INFO 2025-12-20 00:21:24,064 basehttp 308857 128068591011392 "GET /admin/userauths/user/?o=-3.4 HTTP/1.1" 200 16211
INFO 2025-12-20 00:21:24,132 basehttp 308857 128068591011392 "GET /admin/jsi18n/ HTTP/1.1" 200 8634
INFO 2025-12-20 00:21:29,375 basehttp 308857 128068591011392 "GET /admin/userauths/user/ HTTP/1.1" 200 15302
INFO 2025-12-20 00:21:29,442 basehttp 308857 128068591011392 "GET /admin/jsi18n/ HTTP/1.1" 200 8634
INFO 2025-12-20 00:21:37,835 basehttp 308857 128068591011392 "GET /admin/userauths/user/1/change/ HTTP/1.1" 200 31905
INFO 2025-12-20 00:21:37,873 basehttp 308857 128068599404096 "GET /static/admin/js/prepopulate_init.js HTTP/1.1" 200 586
INFO 2025-12-20 00:21:37,874 basehttp 308857 128068582618688 "GET /static/admin/js/calendar.js HTTP/1.1" 200 9141
INFO 2025-12-20 00:21:37,876 basehttp 308857 128068565833280 "GET /static/admin/js/change_form.js HTTP/1.1" 200 606
INFO 2025-12-20 00:21:37,876 basehttp 308857 128068574225984 "GET /static/admin/js/admin/DateTimeShortcuts.js HTTP/1.1" 200 19319
INFO 2025-12-20 00:21:37,896 basehttp 308857 128068591011392 "GET /admin/jsi18n/ HTTP/1.1" 200 8634
INFO 2025-12-20 00:21:37,896 basehttp 308857 128068574225984 "GET /static/jazzmin/js/change_form.js HTTP/1.1" 200 6052
INFO 2025-12-20 00:21:37,942 basehttp 308857 128068574225984 "GET /static/admin/img/icon-addlink.svg HTTP/1.1" 200 331
INFO 2025-12-20 00:22:17,091 autoreload 308857 128068689915904 /home/christian/Documents/Cours_L3/Semestre5/ProjetNoel/Projet_django/FastTransfert/fastTransfer/userauths/admin.py changed, reloading.
INFO 2025-12-20 00:22:17,569 autoreload 309535 124148022874112 Watching for file changes with StatReloader
INFO 2025-12-20 00:22:20,931 autoreload 309535 124148022874112 /home/christian/Documents/Cours_L3/Semestre5/ProjetNoel/Projet_django/FastTransfert/fastTransfer/userauths/admin.py changed, reloading.
INFO 2025-12-20 00:22:21,355 autoreload 309642 134340357898240 Watching for file changes with StatReloader
INFO 2025-12-20 00:22:21,785 basehttp 309642 134340193281600 "GET /admin/userauths/user/1/change/ HTTP/1.1" 200 31905
INFO 2025-12-20 00:22:21,889 basehttp 309642 134340193281600 "GET /admin/jsi18n/ HTTP/1.1" 200 8634
INFO 2025-12-20 00:22:23,695 autoreload 309642 134340357898240 /home/christian/Documents/Cours_L3/Semestre5/ProjetNoel/Projet_django/FastTransfert/fastTransfer/userauths/admin.py changed, reloading.
INFO 2025-12-20 00:22:24,242 autoreload 309741 135010360184832 Watching for file changes with StatReloader
INFO 2025-12-20 00:22:24,610 basehttp 309741 135010268993088 "GET /admin/userauths/user/1/change/ HTTP/1.1" 200 31905
INFO 2025-12-20 00:22:24,690 basehttp 309741 135010268993088 "GET /admin/jsi18n/ HTTP/1.1" 200 8634
INFO 2025-12-20 00:22:50,328 autoreload 309741 135010360184832 /home/christian/Documents/Cours_L3/Semestre5/ProjetNoel/Projet_django/FastTransfert/fastTransfer/userauths/admin.py changed, reloading.
INFO 2025-12-20 00:22:50,778 autoreload 310033 139631905243136 Watching for file changes with StatReloader
INFO 2025-12-20 00:22:51,130 basehttp 310033 139631815284288 "GET /admin/userauths/user/1/change/ HTTP/1.1" 200 31905
INFO 2025-12-20 00:22:51,205 basehttp 310033 139631815284288 "GET /admin/jsi18n/ HTTP/1.1" 200 8634
INFO 2025-12-20 00:22:58,405 autoreload 310033 139631905243136 /home/christian/Documents/Cours_L3/Semestre5/ProjetNoel/Projet_django/FastTransfert/fastTransfer/userauths/admin.py changed, reloading.
INFO 2025-12-20 00:22:58,849 autoreload 310224 135117493915648 Watching for file changes with StatReloader
INFO 2025-12-20 00:22:59,233 basehttp 310224 135117404100160 "GET /admin/userauths/user/1/change/ HTTP/1.1" 200 31905
INFO 2025-12-20 00:22:59,304 basehttp 310224 135117404100160 "GET /admin/jsi18n/ HTTP/1.1" 200 8634
INFO 2025-12-20 00:23:00,182 autoreload 310224 135117493915648 /home/christian/Documents/Cours_L3/Semestre5/ProjetNoel/Projet_django/FastTransfert/fastTransfer/userauths/admin.py changed, reloading.
INFO 2025-12-20 00:23:00,621 autoreload 310248 133579602530304 Watching for file changes with StatReloader
INFO 2025-12-20 00:23:00,984 basehttp 310248 133579512206912 "GET /admin/userauths/user/1/change/ HTTP/1.1" 200 31905
INFO 2025-12-20 00:23:01,762 basehttp 310248 133579512206912 "GET /admin/jsi18n/ HTTP/1.1" 200 8634
INFO 2025-12-20 00:23:03,161 autoreload 310248 133579602530304 /home/christian/Documents/Cours_L3/Semestre5/ProjetNoel/Projet_django/FastTransfert/fastTransfer/userauths/admin.py changed, reloading.
INFO 2025-12-20 00:23:03,639 autoreload 310342 131542551130112 Watching for file changes with StatReloader
INFO 2025-12-20 00:23:04,023 basehttp 310342 131542460388928 "GET /admin/userauths/user/1/change/ HTTP/1.1" 200 31905
INFO 2025-12-20 00:23:04,098 basehttp 310342 131542460388928 "GET /admin/jsi18n/ HTTP/1.1" 200 8634
INFO 2025-12-20 00:23:07,873 basehttp 310342 131542460388928 "GET /admin/userauths/ HTTP/1.1" 200 10647
INFO 2025-12-20 00:23:09,602 basehttp 310342 131542460388928 "GET /admin/userauths/user/ HTTP/1.1" 200 16122
INFO 2025-12-20 00:23:09,699 basehttp 310342 131542460388928 "GET /admin/jsi18n/ HTTP/1.1" 200 8634
INFO 2025-12-20 00:23:31,246 basehttp 310342 131542460388928 "GET /admin/ HTTP/1.1" 200 12373
INFO 2025-12-20 00:23:34,346 basehttp 310342 131542460388928 "GET /admin/auth/group/ HTTP/1.1" 200 11905
INFO 2025-12-20 00:23:34,403 basehttp 310342 131542460388928 "GET /admin/jsi18n/ HTTP/1.1" 200 8634
INFO 2025-12-20 00:23:36,773 basehttp 310342 131542460388928 "GET /admin/ HTTP/1.1" 200 12373
INFO 2025-12-20 00:23:43,400 basehttp 310342 131542460388928 "GET /admin/userauths/user/1/change/ HTTP/1.1" 200 31905
INFO 2025-12-20 00:23:43,457 basehttp 310342 131542460388928 "GET /admin/jsi18n/ HTTP/1.1" 200 8634
INFO 2025-12-20 00:23:58,084 autoreload 310342 131542551130112 /home/christian/Documents/Cours_L3/Semestre5/ProjetNoel/Projet_django/FastTransfert/fastTransfer/userauths/models.py changed, reloading.
INFO 2025-12-20 00:23:58,587 autoreload 310817 123289538183168 Watching for file changes with StatReloader
INFO 2025-12-20 00:24:00,859 autoreload 310817 123289538183168 /home/christian/Documents/Cours_L3/Semestre5/ProjetNoel/Projet_django/FastTransfert/fastTransfer/userauths/models.py changed, reloading.
INFO 2025-12-20 00:24:01,314 autoreload 310905 137759856193536 Watching for file changes with StatReloader
INFO 2025-12-20 00:24:03,530 autoreload 310905 137759856193536 /home/christian/Documents/Cours_L3/Semestre5/ProjetNoel/Projet_django/FastTransfert/fastTransfer/userauths/models.py changed, reloading.
INFO 2025-12-20 00:24:03,929 autoreload 310934 128722336210944 Watching for file changes with StatReloader
INFO 2025-12-20 00:24:06,155 autoreload 310934 128722336210944 /home/christian/Documents/Cours_L3/Semestre5/ProjetNoel/Projet_django/FastTransfert/fastTransfer/userauths/models.py changed, reloading.
INFO 2025-12-20 00:24:06,574 autoreload 311010 138039164039168 Watching for file changes with StatReloader
INFO 2025-12-20 00:24:07,405 basehttp 311010 138039072380480 "GET /admin/userauths/user/1/change/ HTTP/1.1" 200 31890
INFO 2025-12-20 00:24:07,473 basehttp 311010 138039072380480 "GET /admin/jsi18n/ HTTP/1.1" 200 8634
INFO 2025-12-20 00:24:12,002 autoreload 311010 138039164039168 /home/christian/Documents/Cours_L3/Semestre5/ProjetNoel/Projet_django/FastTransfert/fastTransfer/userauths/models.py changed, reloading.
INFO 2025-12-20 00:24:12,476 autoreload 311127 138937077350400 Watching for file changes with StatReloader
INFO 2025-12-20 00:24:14,847 autoreload 311127 138937077350400 /home/christian/Documents/Cours_L3/Semestre5/ProjetNoel/Projet_django/FastTransfert/fastTransfer/userauths/models.py changed, reloading.
INFO 2025-12-20 00:24:15,331 autoreload 311178 132241491230720 Watching for file changes with StatReloader
INFO 2025-12-20 00:24:21,782 autoreload 311178 132241491230720 /home/christian/Documents/Cours_L3/Semestre5/ProjetNoel/Projet_django/FastTransfert/fastTransfer/userauths/models.py changed, reloading.
INFO 2025-12-20 00:24:22,486 autoreload 311355 140049239576576 Watching for file changes with StatReloader
INFO 2025-12-20 00:24:23,773 autoreload 311355 140049239576576 /home/christian/Documents/Cours_L3/Semestre5/ProjetNoel/Projet_django/FastTransfert/fastTransfer/userauths/models.py changed, reloading.
INFO 2025-12-20 00:24:24,221 autoreload 311383 133795159195648 Watching for file changes with StatReloader
INFO 2025-12-20 00:24:30,642 autoreload 311383 133795159195648 /home/christian/Documents/Cours_L3/Semestre5/ProjetNoel/Projet_django/FastTransfert/fastTransfer/userauths/models.py changed, reloading.
INFO 2025-12-20 00:24:31,189 autoreload 311551 135460154515456 Watching for file changes with StatReloader
INFO 2025-12-20 00:24:34,534 autoreload 311551 135460154515456 /home/christian/Documents/Cours_L3/Semestre5/ProjetNoel/Projet_django/FastTransfert/fastTransfer/userauths/models.py changed, reloading.
INFO 2025-12-20 00:24:35,008 autoreload 311618 128927253721088 Watching for file changes with StatReloader
INFO 2025-12-20 00:24:36,338 autoreload 311618 128927253721088 /home/christian/Documents/Cours_L3/Semestre5/ProjetNoel/Projet_django/FastTransfert/fastTransfer/userauths/models.py changed, reloading.
INFO 2025-12-20 00:24:36,804 autoreload 311675 126092919033856 Watching for file changes with StatReloader
INFO 2025-12-20 00:24:39,149 autoreload 311675 126092919033856 /home/christian/Documents/Cours_L3/Semestre5/ProjetNoel/Projet_django/FastTransfert/fastTransfer/userauths/models.py changed, reloading.
INFO 2025-12-20 00:24:39,602 autoreload 311725 127808163426304 Watching for file changes with StatReloader
INFO 2025-12-20 00:24:40,089 basehttp 311725 127808072308288 "GET /admin/userauths/user/1/change/ HTTP/1.1" 200 31982
INFO 2025-12-20 00:24:40,174 basehttp 311725 127808072308288 "GET /admin/jsi18n/ HTTP/1.1" 200 8634
INFO 2025-12-20 00:24:47,004 basehttp 311725 127808072308288 "GET /admin/auth/group/ HTTP/1.1" 200 11921
INFO 2025-12-20 00:24:47,550 basehttp 311725 127808072308288 "GET /admin/jsi18n/ HTTP/1.1" 200 8634
INFO 2025-12-20 00:24:50,459 basehttp 311725 127808072308288 "GET /admin/userauths/user/ HTTP/1.1" 200 16138
INFO 2025-12-20 00:24:50,519 basehttp 311725 127808072308288 "GET /admin/jsi18n/ HTTP/1.1" 200 8634
INFO 2025-12-20 00:24:54,760 basehttp 311725 127808072308288 "GET /admin/userauths/user/1/change/ HTTP/1.1" 200 31998
INFO 2025-12-20 00:24:54,842 basehttp 311725 127808072308288 "GET /admin/jsi18n/ HTTP/1.1" 200 8634
INFO 2025-12-20 00:26:14,525 autoreload 312823 124553211867136 Watching for file changes with StatReloader
INFO 2025-12-20 00:26:17,073 basehttp 312823 124553044948544 "GET /admin/userauths/user/ HTTP/1.1" 200 16122
INFO 2025-12-20 00:26:17,148 basehttp 312823 124553044948544 "GET /admin/jsi18n/ HTTP/1.1" 200 8634
INFO 2025-12-20 00:26:20,053 basehttp 312823 124553044948544 "GET /admin/userauths/user/1/change/ HTTP/1.1" 200 31982
INFO 2025-12-20 00:26:20,150 basehttp 312823 124553044948544 "GET /admin/jsi18n/ HTTP/1.1" 200 8634
INFO 2025-12-20 00:26:24,481 basehttp 312823 124553044948544 "GET /admin/userauths/user/1/change/ HTTP/1.1" 200 31982
INFO 2025-12-20 00:26:24,545 basehttp 312823 124553044948544 "GET /admin/jsi18n/ HTTP/1.1" 200 8634
INFO 2025-12-20 00:26:27,724 basehttp 312823 124553044948544 "POST /admin/logout/ HTTP/1.1" 200 2355
INFO 2025-12-20 00:26:29,284 basehttp 312823 124553044948544 "GET /admin/ HTTP/1.1" 302 0
INFO 2025-12-20 00:26:29,300 basehttp 312823 124553044948544 "GET /admin/login/?next=/admin/ HTTP/1.1" 200 3296
INFO 2025-12-20 00:26:34,329 basehttp 312823 124553044948544 "POST /admin/login/?next=/admin/ HTTP/1.1" 200 3680
INFO 2025-12-20 00:26:45,796 basehttp 312823 124553044948544 "POST /admin/login/?next=/admin/ HTTP/1.1" 302 0
INFO 2025-12-20 00:26:45,883 basehttp 312823 124553044948544 "GET /admin/ HTTP/1.1" 200 12373
